<?xml version="1.0" encoding="UTF-8"?>
<!-- Generated by org.testng.reporters.JUnitXMLReporter -->
<testsuite hostname="NOI-MGARG" ignored="0" name="RetryMultipleFailedTestCases" tests="2" failures="2" timestamp="23 May 2019 09:32:24 GMT" time="0.054" errors="0">
  <testcase name="test12" time="0.012" classname="test.testretry">
    <failure type="java.lang.AssertionError" message="expected [true] but found [false]">
      <![CDATA[java.lang.AssertionError: expected [true] but found [false]
at test.testretry.test12(testretry.java:14)
... Removed 31 stack frames]]>
    </failure>
  </testcase> <!-- test12 -->
  <testcase name="test13" time="0.003" classname="test.testretry">
    <failure type="java.lang.AssertionError" message="expected [true] but found [false]">
      <![CDATA[java.lang.AssertionError: expected [true] but found [false]
at test.testretry.test13(testretry.java:22)
... Removed 31 stack frames]]>
    </failure>
  </testcase> <!-- test13 -->
</testsuite> <!-- RetryMultipleFailedTestCases -->
